2025-03-22 23:07:07,925 - INFO - ----------------------------------------------------
2025-03-22 23:07:07,926 - INFO - Player White
2025-03-22 23:07:11,051 - INFO -   -----------------
8 |♜|♞|♝|♛|♚|♝|♞|♜|
  -----------------
7 |♟|♟|♟|♟|♟|♟|♟|♟|
  -----------------
6 |⭘|⭘|⭘|⭘|⭘|⭘|⭘|⭘|
  -----------------
5 |⭘|⭘|⭘|⭘|⭘|⭘|⭘|⭘|
  -----------------
4 |⭘|⭘|⭘|⭘|⭘|⭘|⭘|⭘|
  -----------------
3 |⭘|⭘|⭘|⭘|⭘|♘|⭘|⭘|
  -----------------
2 |♙|♙|♙|♙|♙|♙|♙|♙|
  -----------------
1 |♖|♘|♗|♕|♔|♗|⭘|♖|
  -----------------
   a b c d e f g h
2025-03-22 23:07:11,051 - INFO - ----------------------------------------------------
2025-03-22 23:07:11,052 - INFO - Player Black
2025-03-22 23:07:11,274 - INFO -   -----------------
8 |♜|♞|♝|♛|♚|♝|♞|♜|
  -----------------
7 |♟|♟|♟|⭘|♟|♟|♟|♟|
  -----------------
6 |⭘|⭘|⭘|⭘|⭘|⭘|⭘|⭘|
  -----------------
5 |⭘|⭘|⭘|♟|⭘|⭘|⭘|⭘|
  -----------------
4 |⭘|⭘|⭘|⭘|⭘|⭘|⭘|⭘|
  -----------------
3 |⭘|⭘|⭘|⭘|⭘|♘|⭘|⭘|
  -----------------
2 |♙|♙|♙|♙|♙|♙|♙|♙|
  -----------------
1 |♖|♘|♗|♕|♔|♗|⭘|♖|
  -----------------
   a b c d e f g h
2025-03-22 23:07:11,274 - INFO - ----------------------------------------------------
2025-03-22 23:07:11,274 - INFO - Player White
2025-03-22 23:07:13,929 - INFO -   -----------------
8 |♜|♞|♝|♛|♚|♝|♞|♜|
  -----------------
7 |♟|♟|♟|⭘|♟|♟|♟|♟|
  -----------------
6 |⭘|⭘|⭘|⭘|⭘|⭘|⭘|⭘|
  -----------------
5 |⭘|⭘|⭘|♟|⭘|⭘|⭘|⭘|
  -----------------
4 |⭘|⭘|⭘|⭘|⭘|⭘|⭘|⭘|
  -----------------
3 |⭘|⭘|♘|⭘|⭘|♘|⭘|⭘|
  -----------------
2 |♙|♙|♙|♙|♙|♙|♙|♙|
  -----------------
1 |♖|⭘|♗|♕|♔|♗|⭘|♖|
  -----------------
   a b c d e f g h
2025-03-22 23:07:13,929 - INFO - ----------------------------------------------------
2025-03-22 23:07:13,929 - INFO - Player Black
2025-03-22 23:07:14,148 - INFO -   -----------------
8 |♜|♞|♝|♛|♚|♝|♞|♜|
  -----------------
7 |♟|♟|♟|⭘|♟|♟|♟|♟|
  -----------------
6 |⭘|⭘|⭘|⭘|⭘|⭘|⭘|⭘|
  -----------------
5 |⭘|⭘|⭘|⭘|⭘|⭘|⭘|⭘|
  -----------------
4 |⭘|⭘|⭘|♟|⭘|⭘|⭘|⭘|
  -----------------
3 |⭘|⭘|♘|⭘|⭘|♘|⭘|⭘|
  -----------------
2 |♙|♙|♙|♙|♙|♙|♙|♙|
  -----------------
1 |♖|⭘|♗|♕|♔|♗|⭘|♖|
  -----------------
   a b c d e f g h
2025-03-22 23:07:14,148 - INFO - ----------------------------------------------------
2025-03-22 23:07:14,148 - INFO - Player White
2025-03-22 23:07:16,669 - INFO -   -----------------
8 |♜|♞|♝|♛|♚|♝|♞|♜|
  -----------------
7 |♟|♟|♟|⭘|♟|♟|♟|♟|
  -----------------
6 |⭘|⭘|⭘|⭘|⭘|⭘|⭘|⭘|
  -----------------
5 |⭘|⭘|⭘|⭘|⭘|⭘|⭘|⭘|
  -----------------
4 |⭘|⭘|⭘|♘|⭘|⭘|⭘|⭘|
  -----------------
3 |⭘|⭘|♘|⭘|⭘|⭘|⭘|⭘|
  -----------------
2 |♙|♙|♙|♙|♙|♙|♙|♙|
  -----------------
1 |♖|⭘|♗|♕|♔|♗|⭘|♖|
  -----------------
   a b c d e f g h
2025-03-22 23:07:16,669 - INFO - ----------------------------------------------------
2025-03-22 23:07:16,669 - INFO - Player Black
2025-03-22 23:07:16,733 - INFO -   -----------------
8 |♜|♞|♝|⭘|♚|♝|♞|♜|
  -----------------
7 |♟|♟|♟|⭘|♟|♟|♟|♟|
  -----------------
6 |⭘|⭘|⭘|⭘|⭘|⭘|⭘|⭘|
  -----------------
5 |⭘|⭘|⭘|⭘|⭘|⭘|⭘|⭘|
  -----------------
4 |⭘|⭘|⭘|♛|⭘|⭘|⭘|⭘|
  -----------------
3 |⭘|⭘|♘|⭘|⭘|⭘|⭘|⭘|
  -----------------
2 |♙|♙|♙|♙|♙|♙|♙|♙|
  -----------------
1 |♖|⭘|♗|♕|♔|♗|⭘|♖|
  -----------------
   a b c d e f g h
2025-03-22 23:07:16,733 - INFO - ----------------------------------------------------
2025-03-22 23:07:16,733 - INFO - Player White
2025-03-22 23:07:19,111 - INFO -   -----------------
8 |♜|♞|♝|⭘|♚|♝|♞|♜|
  -----------------
7 |♟|♟|♟|⭘|♟|♟|♟|♟|
  -----------------
6 |⭘|⭘|⭘|⭘|⭘|⭘|⭘|⭘|
  -----------------
5 |⭘|⭘|⭘|⭘|⭘|⭘|⭘|⭘|
  -----------------
4 |⭘|⭘|⭘|♛|⭘|♙|⭘|⭘|
  -----------------
3 |⭘|⭘|♘|⭘|⭘|⭘|⭘|⭘|
  -----------------
2 |♙|♙|♙|♙|♙|⭘|♙|♙|
  -----------------
1 |♖|⭘|♗|♕|♔|♗|⭘|♖|
  -----------------
   a b c d e f g h
2025-03-22 23:07:19,112 - INFO - ----------------------------------------------------
2025-03-22 23:07:19,113 - INFO - Player Black
2025-03-22 23:07:19,176 - INFO -   -----------------
8 |♜|♞|♝|⭘|♚|♝|♞|♜|
  -----------------
7 |♟|♟|♟|⭘|♟|♟|♟|♟|
  -----------------
6 |⭘|⭘|⭘|⭘|⭘|⭘|⭘|⭘|
  -----------------
5 |⭘|⭘|⭘|⭘|⭘|⭘|⭘|⭘|
  -----------------
4 |⭘|⭘|⭘|⭘|⭘|♛|⭘|⭘|
  -----------------
3 |⭘|⭘|♘|⭘|⭘|⭘|⭘|⭘|
  -----------------
2 |♙|♙|♙|♙|♙|⭘|♙|♙|
  -----------------
1 |♖|⭘|♗|♕|♔|♗|⭘|♖|
  -----------------
   a b c d e f g h
2025-03-22 23:07:19,176 - INFO - ----------------------------------------------------
2025-03-22 23:07:19,176 - INFO - Player White
2025-03-22 23:07:21,539 - INFO -   -----------------
8 |♜|♞|♝|⭘|♚|♝|♞|♜|
  -----------------
7 |♟|♟|♟|⭘|♟|♟|♟|♟|
  -----------------
6 |⭘|⭘|⭘|⭘|⭘|⭘|⭘|⭘|
  -----------------
5 |⭘|⭘|⭘|⭘|⭘|⭘|⭘|⭘|
  -----------------
4 |⭘|⭘|⭘|⭘|♙|♛|⭘|⭘|
  -----------------
3 |⭘|⭘|♘|⭘|⭘|⭘|⭘|⭘|
  -----------------
2 |♙|♙|♙|♙|⭘|⭘|♙|♙|
  -----------------
1 |♖|⭘|♗|♕|♔|♗|⭘|♖|
  -----------------
   a b c d e f g h
2025-03-22 23:07:21,540 - INFO - ----------------------------------------------------
2025-03-22 23:07:21,540 - INFO - Player Black
2025-03-22 23:07:21,580 - INFO -   -----------------
8 |♜|♞|♝|⭘|♚|♝|♞|♜|
  -----------------
7 |♟|♟|♟|⭘|⭘|♟|♟|♟|
  -----------------
6 |⭘|⭘|⭘|⭘|⭘|⭘|⭘|⭘|
  -----------------
5 |⭘|⭘|⭘|⭘|♟|⭘|⭘|⭘|
  -----------------
4 |⭘|⭘|⭘|⭘|♙|♛|⭘|⭘|
  -----------------
3 |⭘|⭘|♘|⭘|⭘|⭘|⭘|⭘|
  -----------------
2 |♙|♙|♙|♙|⭘|⭘|♙|♙|
  -----------------
1 |♖|⭘|♗|♕|♔|♗|⭘|♖|
  -----------------
   a b c d e f g h
2025-03-22 23:07:21,580 - INFO - ----------------------------------------------------
2025-03-22 23:07:21,580 - INFO - Player White
2025-03-22 23:07:23,908 - INFO -   -----------------
8 |♜|♞|♝|⭘|♚|♝|♞|♜|
  -----------------
7 |♟|♟|♟|⭘|⭘|♟|♟|♟|
  -----------------
6 |⭘|⭘|⭘|⭘|⭘|⭘|⭘|⭘|
  -----------------
5 |⭘|⭘|⭘|⭘|♟|⭘|⭘|⭘|
  -----------------
4 |⭘|⭘|⭘|♙|♙|♛|⭘|⭘|
  -----------------
3 |⭘|⭘|♘|⭘|⭘|⭘|⭘|⭘|
  -----------------
2 |♙|♙|♙|⭘|⭘|⭘|♙|♙|
  -----------------
1 |♖|⭘|♗|♕|♔|♗|⭘|♖|
  -----------------
   a b c d e f g h
2025-03-22 23:07:23,908 - INFO - ----------------------------------------------------
2025-03-22 23:07:23,908 - INFO - Player Black
2025-03-22 23:07:23,959 - INFO -   -----------------
8 |♜|♞|♝|⭘|♚|♝|♞|♜|
  -----------------
7 |♟|♟|♟|⭘|⭘|♟|♟|♟|
  -----------------
6 |⭘|⭘|⭘|⭘|⭘|⭘|⭘|⭘|
  -----------------
5 |⭘|⭘|⭘|⭘|♟|⭘|⭘|⭘|
  -----------------
4 |⭘|⭘|⭘|♙|♙|⭘|♛|⭘|
  -----------------
3 |⭘|⭘|♘|⭘|⭘|⭘|⭘|⭘|
  -----------------
2 |♙|♙|♙|⭘|⭘|⭘|♙|♙|
  -----------------
1 |♖|⭘|♗|♕|♔|♗|⭘|♖|
  -----------------
   a b c d e f g h
2025-03-22 23:07:23,960 - INFO - ----------------------------------------------------
2025-03-22 23:07:23,960 - INFO - Player White
2025-03-22 23:07:27,024 - INFO -   -----------------
8 |♜|♞|♝|⭘|♚|♝|♞|♜|
  -----------------
7 |♟|♟|♟|⭘|⭘|♟|♟|♟|
  -----------------
6 |⭘|⭘|⭘|⭘|⭘|⭘|⭘|⭘|
  -----------------
5 |⭘|⭘|⭘|⭘|♟|⭘|⭘|⭘|
  -----------------
4 |⭘|⭘|⭘|♙|♙|⭘|♕|⭘|
  -----------------
3 |⭘|⭘|♘|⭘|⭘|⭘|⭘|⭘|
  -----------------
2 |♙|♙|♙|⭘|⭘|⭘|♙|♙|
  -----------------
1 |♖|⭘|♗|⭘|♔|♗|⭘|♖|
  -----------------
   a b c d e f g h
2025-03-22 23:07:27,025 - INFO - ----------------------------------------------------
2025-03-22 23:07:27,025 - INFO - Player Black
2025-03-22 23:07:27,078 - INFO -   -----------------
8 |♜|♞|⭘|⭘|♚|♝|♞|♜|
  -----------------
7 |♟|♟|♟|⭘|⭘|♟|♟|♟|
  -----------------
6 |⭘|⭘|⭘|⭘|⭘|⭘|⭘|⭘|
  -----------------
5 |⭘|⭘|⭘|⭘|♟|⭘|⭘|⭘|
  -----------------
4 |⭘|⭘|⭘|♙|♙|⭘|♝|⭘|
  -----------------
3 |⭘|⭘|♘|⭘|⭘|⭘|⭘|⭘|
  -----------------
2 |♙|♙|♙|⭘|⭘|⭘|♙|♙|
  -----------------
1 |♖|⭘|♗|⭘|♔|♗|⭘|♖|
  -----------------
   a b c d e f g h
2025-03-22 23:07:27,079 - INFO - ----------------------------------------------------
2025-03-22 23:07:27,079 - INFO - Player White
2025-03-22 23:07:31,860 - INFO -   -----------------
8 |♜|♞|⭘|⭘|♚|♝|♞|♜|
  -----------------
7 |♟|♟|♟|⭘|⭘|♟|♟|♟|
  -----------------
6 |⭘|⭘|⭘|⭘|⭘|⭘|⭘|⭘|
  -----------------
5 |⭘|⭘|⭘|⭘|♙|⭘|⭘|⭘|
  -----------------
4 |⭘|⭘|⭘|⭘|♙|⭘|♝|⭘|
  -----------------
3 |⭘|⭘|♘|⭘|⭘|⭘|⭘|⭘|
  -----------------
2 |♙|♙|♙|⭘|⭘|⭘|♙|♙|
  -----------------
1 |♖|⭘|♗|⭘|♔|♗|⭘|♖|
  -----------------
   a b c d e f g h
2025-03-22 23:07:31,861 - INFO - ----------------------------------------------------
2025-03-22 23:07:31,861 - INFO - Player Black
2025-03-22 23:07:32,010 - INFO -   -----------------
8 |♜|⭘|⭘|⭘|♚|♝|♞|♜|
  -----------------
7 |♟|♟|♟|⭘|⭘|♟|♟|♟|
  -----------------
6 |⭘|⭘|♞|⭘|⭘|⭘|⭘|⭘|
  -----------------
5 |⭘|⭘|⭘|⭘|♙|⭘|⭘|⭘|
  -----------------
4 |⭘|⭘|⭘|⭘|♙|⭘|♝|⭘|
  -----------------
3 |⭘|⭘|♘|⭘|⭘|⭘|⭘|⭘|
  -----------------
2 |♙|♙|♙|⭘|⭘|⭘|♙|♙|
  -----------------
1 |♖|⭘|♗|⭘|♔|♗|⭘|♖|
  -----------------
   a b c d e f g h
2025-03-22 23:07:32,010 - INFO - ----------------------------------------------------
2025-03-22 23:07:32,010 - INFO - Player White
2025-03-22 23:07:35,941 - INFO -   -----------------
8 |♜|⭘|⭘|⭘|♚|♝|♞|♜|
  -----------------
7 |♟|♟|♟|⭘|⭘|♟|♟|♟|
  -----------------
6 |⭘|⭘|♞|⭘|⭘|⭘|⭘|⭘|
  -----------------
5 |⭘|⭘|⭘|♘|♙|⭘|⭘|⭘|
  -----------------
4 |⭘|⭘|⭘|⭘|♙|⭘|♝|⭘|
  -----------------
3 |⭘|⭘|⭘|⭘|⭘|⭘|⭘|⭘|
  -----------------
2 |♙|♙|♙|⭘|⭘|⭘|♙|♙|
  -----------------
1 |♖|⭘|♗|⭘|♔|♗|⭘|♖|
  -----------------
   a b c d e f g h
2025-03-22 23:07:35,941 - INFO - ----------------------------------------------------
2025-03-22 23:07:35,941 - INFO - Player Black
2025-03-22 23:07:35,996 - INFO -   -----------------
8 |⭘|⭘|♚|♜|⭘|♝|♞|♜|
  -----------------
7 |♟|♟|♟|⭘|⭘|♟|♟|♟|
  -----------------
6 |⭘|⭘|♞|⭘|⭘|⭘|⭘|⭘|
  -----------------
5 |⭘|⭘|⭘|♘|♙|⭘|⭘|⭘|
  -----------------
4 |⭘|⭘|⭘|⭘|♙|⭘|♝|⭘|
  -----------------
3 |⭘|⭘|⭘|⭘|⭘|⭘|⭘|⭘|
  -----------------
2 |♙|♙|♙|⭘|⭘|⭘|♙|♙|
  -----------------
1 |♖|⭘|♗|⭘|♔|♗|⭘|♖|
  -----------------
   a b c d e f g h
2025-03-22 23:07:35,996 - INFO - ----------------------------------------------------
2025-03-22 23:07:35,996 - INFO - Player White
2025-03-22 23:07:39,209 - INFO -   -----------------
8 |⭘|⭘|♚|♜|⭘|♝|♞|♜|
  -----------------
7 |♟|♟|♘|⭘|⭘|♟|♟|♟|
  -----------------
6 |⭘|⭘|♞|⭘|⭘|⭘|⭘|⭘|
  -----------------
5 |⭘|⭘|⭘|⭘|♙|⭘|⭘|⭘|
  -----------------
4 |⭘|⭘|⭘|⭘|♙|⭘|♝|⭘|
  -----------------
3 |⭘|⭘|⭘|⭘|⭘|⭘|⭘|⭘|
  -----------------
2 |♙|♙|♙|⭘|⭘|⭘|♙|♙|
  -----------------
1 |♖|⭘|♗|⭘|♔|♗|⭘|♖|
  -----------------
   a b c d e f g h
2025-03-22 23:07:39,209 - INFO - ----------------------------------------------------
2025-03-22 23:07:39,209 - INFO - Player Black
2025-03-22 23:07:39,251 - INFO -   -----------------
8 |⭘|⭘|♚|⭘|⭘|♝|♞|♜|
  -----------------
7 |♟|♟|♘|⭘|⭘|♟|♟|♟|
  -----------------
6 |⭘|⭘|♞|⭘|⭘|⭘|⭘|⭘|
  -----------------
5 |⭘|⭘|⭘|⭘|♙|⭘|⭘|⭘|
  -----------------
4 |⭘|⭘|⭘|⭘|♙|⭘|♝|⭘|
  -----------------
3 |⭘|⭘|⭘|⭘|⭘|⭘|⭘|⭘|
  -----------------
2 |♙|♙|♙|⭘|⭘|⭘|♙|♙|
  -----------------
1 |♖|⭘|♗|♜|♔|♗|⭘|♖|
  -----------------
   a b c d e f g h
2025-03-22 23:07:39,251 - INFO - ----------------------------------------------------
2025-03-22 23:07:39,251 - INFO - Player White
2025-03-22 23:07:41,722 - INFO -   -----------------
8 |⭘|⭘|♚|⭘|⭘|♝|♞|♜|
  -----------------
7 |♟|♟|♘|⭘|⭘|♟|♟|♟|
  -----------------
6 |⭘|⭘|♞|⭘|⭘|⭘|⭘|⭘|
  -----------------
5 |⭘|⭘|⭘|⭘|♙|⭘|⭘|⭘|
  -----------------
4 |⭘|⭘|⭘|⭘|♙|⭘|♝|⭘|
  -----------------
3 |⭘|⭘|⭘|⭘|⭘|⭘|⭘|⭘|
  -----------------
2 |♙|♙|♙|⭘|⭘|♔|♙|♙|
  -----------------
1 |♖|⭘|♗|♜|⭘|♗|⭘|♖|
  -----------------
   a b c d e f g h
2025-03-22 23:07:41,722 - INFO - ----------------------------------------------------
2025-03-22 23:07:41,723 - INFO - Player Black
2025-03-22 23:07:41,760 - INFO -   -----------------
8 |⭘|⭘|⭘|⭘|⭘|♝|♞|♜|
  -----------------
7 |♟|♟|♚|⭘|⭘|♟|♟|♟|
  -----------------
6 |⭘|⭘|♞|⭘|⭘|⭘|⭘|⭘|
  -----------------
5 |⭘|⭘|⭘|⭘|♙|⭘|⭘|⭘|
  -----------------
4 |⭘|⭘|⭘|⭘|♙|⭘|♝|⭘|
  -----------------
3 |⭘|⭘|⭘|⭘|⭘|⭘|⭘|⭘|
  -----------------
2 |♙|♙|♙|⭘|⭘|♔|♙|♙|
  -----------------
1 |♖|⭘|♗|♜|⭘|♗|⭘|♖|
  -----------------
   a b c d e f g h
2025-03-22 23:07:41,760 - INFO - ----------------------------------------------------
2025-03-22 23:07:41,760 - INFO - Player White
2025-03-22 23:07:44,687 - INFO -   -----------------
8 |⭘|⭘|⭘|⭘|⭘|♝|♞|♜|
  -----------------
7 |♟|♟|♚|⭘|⭘|♟|♟|♟|
  -----------------
6 |⭘|⭘|♞|⭘|⭘|⭘|⭘|⭘|
  -----------------
5 |⭘|⭘|⭘|⭘|♙|⭘|⭘|⭘|
  -----------------
4 |⭘|⭘|♗|⭘|♙|⭘|♝|⭘|
  -----------------
3 |⭘|⭘|⭘|⭘|⭘|⭘|⭘|⭘|
  -----------------
2 |♙|♙|♙|⭘|⭘|♔|♙|♙|
  -----------------
1 |♖|⭘|♗|♜|⭘|⭘|⭘|♖|
  -----------------
   a b c d e f g h
2025-03-22 23:07:44,687 - INFO - ----------------------------------------------------
2025-03-22 23:07:44,687 - INFO - Player Black
2025-03-22 23:07:44,718 - INFO -   -----------------
8 |⭘|⭘|⭘|⭘|⭘|♝|♞|♜|
  -----------------
7 |♟|♟|♚|⭘|⭘|♟|♟|♟|
  -----------------
6 |⭘|⭘|♞|⭘|⭘|⭘|⭘|⭘|
  -----------------
5 |⭘|⭘|⭘|⭘|♙|⭘|⭘|⭘|
  -----------------
4 |⭘|⭘|♗|⭘|♙|⭘|♝|⭘|
  -----------------
3 |⭘|⭘|⭘|⭘|⭘|⭘|⭘|⭘|
  -----------------
2 |♙|♙|♙|⭘|⭘|♔|♙|♙|
  -----------------
1 |♖|⭘|♗|⭘|⭘|⭘|⭘|♜|
  -----------------
   a b c d e f g h
2025-03-22 23:07:44,718 - INFO - ----------------------------------------------------
2025-03-22 23:07:44,718 - INFO - Player White
2025-03-22 23:07:47,666 - INFO -   -----------------
8 |⭘|⭘|⭘|⭘|⭘|♝|♞|♜|
  -----------------
7 |♟|♟|♚|⭘|⭘|♗|♟|♟|
  -----------------
6 |⭘|⭘|♞|⭘|⭘|⭘|⭘|⭘|
  -----------------
5 |⭘|⭘|⭘|⭘|♙|⭘|⭘|⭘|
  -----------------
4 |⭘|⭘|⭘|⭘|♙|⭘|♝|⭘|
  -----------------
3 |⭘|⭘|⭘|⭘|⭘|⭘|⭘|⭘|
  -----------------
2 |♙|♙|♙|⭘|⭘|♔|♙|♙|
  -----------------
1 |♖|⭘|♗|⭘|⭘|⭘|⭘|♜|
  -----------------
   a b c d e f g h
2025-03-22 23:07:47,666 - INFO - ----------------------------------------------------
2025-03-22 23:07:47,667 - INFO - Player Black
2025-03-22 23:07:47,691 - INFO -   -----------------
8 |⭘|⭘|⭘|⭘|⭘|♝|♞|♜|
  -----------------
7 |♟|♟|♚|⭘|⭘|♗|♟|♟|
  -----------------
6 |⭘|⭘|♞|⭘|⭘|⭘|⭘|⭘|
  -----------------
5 |⭘|⭘|⭘|⭘|♙|⭘|⭘|⭘|
  -----------------
4 |⭘|⭘|⭘|⭘|♙|⭘|♝|⭘|
  -----------------
3 |⭘|⭘|⭘|⭘|⭘|⭘|⭘|⭘|
  -----------------
2 |♙|♙|♙|⭘|⭘|♔|♙|♙|
  -----------------
1 |♖|⭘|♜|⭘|⭘|⭘|⭘|⭘|
  -----------------
   a b c d e f g h
2025-03-22 23:07:47,692 - INFO - ----------------------------------------------------
2025-03-22 23:07:47,692 - INFO - Player White
2025-03-22 23:07:50,427 - INFO -   -----------------
8 |⭘|⭘|⭘|⭘|⭘|♝|♞|♜|
  -----------------
7 |♟|♟|♚|⭘|⭘|♗|♟|♟|
  -----------------
6 |⭘|⭘|♞|⭘|⭘|⭘|⭘|⭘|
  -----------------
5 |⭘|⭘|⭘|⭘|♙|⭘|⭘|⭘|
  -----------------
4 |⭘|⭘|⭘|⭘|♙|⭘|♝|⭘|
  -----------------
3 |⭘|⭘|⭘|⭘|⭘|⭘|⭘|⭘|
  -----------------
2 |♙|♙|♙|⭘|⭘|♔|♙|♙|
  -----------------
1 |⭘|⭘|♖|⭘|⭘|⭘|⭘|⭘|
  -----------------
   a b c d e f g h
2025-03-22 23:07:50,427 - INFO - ----------------------------------------------------
2025-03-22 23:07:50,427 - INFO - Player Black
2025-03-22 23:07:50,456 - INFO -   -----------------
8 |⭘|⭘|⭘|⭘|⭘|♝|♞|♜|
  -----------------
7 |♟|♟|♚|⭘|⭘|♗|♟|♟|
  -----------------
6 |⭘|⭘|⭘|⭘|⭘|⭘|⭘|⭘|
  -----------------
5 |⭘|⭘|⭘|⭘|♞|⭘|⭘|⭘|
  -----------------
4 |⭘|⭘|⭘|⭘|♙|⭘|♝|⭘|
  -----------------
3 |⭘|⭘|⭘|⭘|⭘|⭘|⭘|⭘|
  -----------------
2 |♙|♙|♙|⭘|⭘|♔|♙|♙|
  -----------------
1 |⭘|⭘|♖|⭘|⭘|⭘|⭘|⭘|
  -----------------
   a b c d e f g h
2025-03-22 23:07:50,457 - INFO - ----------------------------------------------------
2025-03-22 23:07:50,457 - INFO - Player White
2025-03-22 23:07:53,405 - INFO -   -----------------
8 |⭘|⭘|⭘|⭘|⭘|♝|♗|♜|
  -----------------
7 |♟|♟|♚|⭘|⭘|⭘|♟|♟|
  -----------------
6 |⭘|⭘|⭘|⭘|⭘|⭘|⭘|⭘|
  -----------------
5 |⭘|⭘|⭘|⭘|♞|⭘|⭘|⭘|
  -----------------
4 |⭘|⭘|⭘|⭘|♙|⭘|♝|⭘|
  -----------------
3 |⭘|⭘|⭘|⭘|⭘|⭘|⭘|⭘|
  -----------------
2 |♙|♙|♙|⭘|⭘|♔|♙|♙|
  -----------------
1 |⭘|⭘|♖|⭘|⭘|⭘|⭘|⭘|
  -----------------
   a b c d e f g h
2025-03-22 23:07:53,405 - INFO - ----------------------------------------------------
2025-03-22 23:07:53,405 - INFO - Player Black
2025-03-22 23:07:53,482 - INFO -   -----------------
8 |⭘|⭘|⭘|⭘|⭘|♝|♜|⭘|
  -----------------
7 |♟|♟|♚|⭘|⭘|⭘|♟|♟|
  -----------------
6 |⭘|⭘|⭘|⭘|⭘|⭘|⭘|⭘|
  -----------------
5 |⭘|⭘|⭘|⭘|♞|⭘|⭘|⭘|
  -----------------
4 |⭘|⭘|⭘|⭘|♙|⭘|♝|⭘|
  -----------------
3 |⭘|⭘|⭘|⭘|⭘|⭘|⭘|⭘|
  -----------------
2 |♙|♙|♙|⭘|⭘|♔|♙|♙|
  -----------------
1 |⭘|⭘|♖|⭘|⭘|⭘|⭘|⭘|
  -----------------
   a b c d e f g h
2025-03-22 23:07:53,483 - INFO - ----------------------------------------------------
2025-03-22 23:07:53,483 - INFO - Player White
2025-03-22 23:07:56,279 - INFO -   -----------------
8 |⭘|⭘|⭘|⭘|⭘|♝|♜|⭘|
  -----------------
7 |♟|♟|♚|⭘|⭘|⭘|♟|♟|
  -----------------
6 |⭘|⭘|⭘|⭘|⭘|⭘|⭘|⭘|
  -----------------
5 |⭘|⭘|⭘|⭘|♞|⭘|⭘|⭘|
  -----------------
4 |⭘|⭘|⭘|⭘|♙|⭘|♝|⭘|
  -----------------
3 |⭘|⭘|⭘|⭘|⭘|⭘|♔|⭘|
  -----------------
2 |♙|♙|♙|⭘|⭘|⭘|♙|♙|
  -----------------
1 |⭘|⭘|♖|⭘|⭘|⭘|⭘|⭘|
  -----------------
   a b c d e f g h
2025-03-22 23:07:56,280 - INFO - ----------------------------------------------------
2025-03-22 23:07:56,280 - INFO - Player Black
2025-03-22 23:07:56,309 - INFO -   -----------------
8 |⭘|⭘|⭘|⭘|⭘|♝|♜|⭘|
  -----------------
7 |♟|♟|♚|⭘|⭘|⭘|♟|♟|
  -----------------
6 |⭘|⭘|⭘|⭘|♝|⭘|⭘|⭘|
  -----------------
5 |⭘|⭘|⭘|⭘|♞|⭘|⭘|⭘|
  -----------------
4 |⭘|⭘|⭘|⭘|♙|⭘|⭘|⭘|
  -----------------
3 |⭘|⭘|⭘|⭘|⭘|⭘|♔|⭘|
  -----------------
2 |♙|♙|♙|⭘|⭘|⭘|♙|♙|
  -----------------
1 |⭘|⭘|♖|⭘|⭘|⭘|⭘|⭘|
  -----------------
   a b c d e f g h
2025-03-22 23:07:56,309 - INFO - ----------------------------------------------------
2025-03-22 23:07:56,309 - INFO - Player White
2025-03-22 23:07:58,911 - INFO -   -----------------
8 |⭘|⭘|⭘|⭘|⭘|♝|♜|⭘|
  -----------------
7 |♟|♟|♚|⭘|⭘|⭘|♟|♟|
  -----------------
6 |⭘|⭘|⭘|⭘|♝|⭘|⭘|⭘|
  -----------------
5 |⭘|⭘|⭘|⭘|♞|⭘|⭘|⭘|
  -----------------
4 |⭘|⭘|⭘|⭘|♙|⭘|⭘|♔|
  -----------------
3 |⭘|⭘|⭘|⭘|⭘|⭘|⭘|⭘|
  -----------------
2 |♙|♙|♙|⭘|⭘|⭘|♙|♙|
  -----------------
1 |⭘|⭘|♖|⭘|⭘|⭘|⭘|⭘|
  -----------------
   a b c d e f g h
2025-03-22 23:07:58,911 - INFO - ----------------------------------------------------
2025-03-22 23:07:58,911 - INFO - Player Black
2025-03-22 23:07:58,930 - INFO -   -----------------
8 |⭘|⭘|⭘|⭘|⭘|⭘|♜|⭘|
  -----------------
7 |♟|♟|♚|⭘|⭘|⭘|♟|♟|
  -----------------
6 |⭘|⭘|⭘|♝|♝|⭘|⭘|⭘|
  -----------------
5 |⭘|⭘|⭘|⭘|♞|⭘|⭘|⭘|
  -----------------
4 |⭘|⭘|⭘|⭘|♙|⭘|⭘|♔|
  -----------------
3 |⭘|⭘|⭘|⭘|⭘|⭘|⭘|⭘|
  -----------------
2 |♙|♙|♙|⭘|⭘|⭘|♙|♙|
  -----------------
1 |⭘|⭘|♖|⭘|⭘|⭘|⭘|⭘|
  -----------------
   a b c d e f g h
2025-03-22 23:07:58,930 - INFO - ----------------------------------------------------
2025-03-22 23:07:58,930 - INFO - Player White
2025-03-22 23:08:01,495 - INFO -   -----------------
8 |⭘|⭘|⭘|⭘|⭘|⭘|♜|⭘|
  -----------------
7 |♟|♟|♚|⭘|⭘|⭘|♟|♟|
  -----------------
6 |⭘|⭘|⭘|♝|♝|⭘|⭘|⭘|
  -----------------
5 |⭘|⭘|⭘|⭘|♞|⭘|⭘|⭘|
  -----------------
4 |⭘|⭘|⭘|⭘|♙|⭘|⭘|⭘|
  -----------------
3 |⭘|⭘|⭘|⭘|⭘|⭘|♔|⭘|
  -----------------
2 |♙|♙|♙|⭘|⭘|⭘|♙|♙|
  -----------------
1 |⭘|⭘|♖|⭘|⭘|⭘|⭘|⭘|
  -----------------
   a b c d e f g h
2025-03-22 23:08:01,495 - INFO - ----------------------------------------------------
2025-03-22 23:08:01,495 - INFO - Player Black
2025-03-22 23:08:01,538 - INFO -   -----------------
8 |⭘|⭘|⭘|⭘|⭘|⭘|♜|⭘|
  -----------------
7 |♟|♟|♚|⭘|⭘|⭘|♟|♟|
  -----------------
6 |⭘|⭘|⭘|♝|♝|⭘|⭘|⭘|
  -----------------
5 |⭘|⭘|⭘|⭘|⭘|⭘|⭘|⭘|
  -----------------
4 |⭘|⭘|⭘|⭘|♙|⭘|⭘|⭘|
  -----------------
3 |⭘|⭘|⭘|♞|⭘|⭘|♔|⭘|
  -----------------
2 |♙|♙|♙|⭘|⭘|⭘|♙|♙|
  -----------------
1 |⭘|⭘|♖|⭘|⭘|⭘|⭘|⭘|
  -----------------
   a b c d e f g h
2025-03-22 23:08:01,539 - INFO - ----------------------------------------------------
2025-03-22 23:08:01,539 - INFO - Player White
2025-03-22 23:08:03,958 - INFO -   -----------------
8 |⭘|⭘|⭘|⭘|⭘|⭘|♜|⭘|
  -----------------
7 |♟|♟|♚|⭘|⭘|⭘|♟|♟|
  -----------------
6 |⭘|⭘|⭘|♝|♝|⭘|⭘|⭘|
  -----------------
5 |⭘|⭘|⭘|⭘|⭘|⭘|⭘|⭘|
  -----------------
4 |⭘|⭘|⭘|⭘|♙|⭘|⭘|♔|
  -----------------
3 |⭘|⭘|⭘|♞|⭘|⭘|⭘|⭘|
  -----------------
2 |♙|♙|♙|⭘|⭘|⭘|♙|♙|
  -----------------
1 |⭘|⭘|♖|⭘|⭘|⭘|⭘|⭘|
  -----------------
   a b c d e f g h
2025-03-22 23:08:03,958 - INFO - ----------------------------------------------------
2025-03-22 23:08:03,958 - INFO - Player Black
2025-03-22 23:08:03,969 - INFO -   -----------------
8 |⭘|⭘|⭘|⭘|⭘|⭘|♜|⭘|
  -----------------
7 |♟|♟|♚|⭘|⭘|⭘|⭘|♟|
  -----------------
6 |⭘|⭘|⭘|♝|♝|⭘|⭘|⭘|
  -----------------
5 |⭘|⭘|⭘|⭘|⭘|⭘|♟|⭘|
  -----------------
4 |⭘|⭘|⭘|⭘|♙|⭘|⭘|♔|
  -----------------
3 |⭘|⭘|⭘|♞|⭘|⭘|⭘|⭘|
  -----------------
2 |♙|♙|♙|⭘|⭘|⭘|♙|♙|
  -----------------
1 |⭘|⭘|♖|⭘|⭘|⭘|⭘|⭘|
  -----------------
   a b c d e f g h
2025-03-22 23:08:03,970 - INFO - ----------------------------------------------------
2025-03-22 23:08:03,970 - INFO - Player White
2025-03-22 23:08:06,718 - INFO -   -----------------
8 |⭘|⭘|⭘|⭘|⭘|⭘|♜|⭘|
  -----------------
7 |♟|♟|♚|⭘|⭘|⭘|⭘|♟|
  -----------------
6 |⭘|⭘|⭘|♝|♝|⭘|⭘|⭘|
  -----------------
5 |⭘|⭘|⭘|⭘|⭘|⭘|♟|♔|
  -----------------
4 |⭘|⭘|⭘|⭘|♙|⭘|⭘|⭘|
  -----------------
3 |⭘|⭘|⭘|♞|⭘|⭘|⭘|⭘|
  -----------------
2 |♙|♙|♙|⭘|⭘|⭘|♙|♙|
  -----------------
1 |⭘|⭘|♖|⭘|⭘|⭘|⭘|⭘|
  -----------------
   a b c d e f g h
2025-03-22 23:08:06,718 - INFO - ----------------------------------------------------
2025-03-22 23:08:06,719 - INFO - Player Black
2025-03-22 23:08:06,732 - INFO -   -----------------
8 |⭘|⭘|⭘|⭘|⭘|⭘|♜|⭘|
  -----------------
7 |♟|♟|♚|⭘|⭘|⭘|⭘|♟|
  -----------------
6 |⭘|⭘|⭘|♝|♝|⭘|⭘|⭘|
  -----------------
5 |⭘|⭘|⭘|⭘|⭘|⭘|♟|♔|
  -----------------
4 |⭘|⭘|⭘|⭘|♙|♞|⭘|⭘|
  -----------------
3 |⭘|⭘|⭘|⭘|⭘|⭘|⭘|⭘|
  -----------------
2 |♙|♙|♙|⭘|⭘|⭘|♙|♙|
  -----------------
1 |⭘|⭘|♖|⭘|⭘|⭘|⭘|⭘|
  -----------------
   a b c d e f g h
2025-03-22 23:08:06,732 - INFO - ----------------------------------------------------
2025-03-22 23:08:06,732 - INFO - Player White
2025-03-22 23:08:09,220 - INFO -   -----------------
8 |⭘|⭘|⭘|⭘|⭘|⭘|♜|⭘|
  -----------------
7 |♟|♟|♚|⭘|⭘|⭘|⭘|♟|
  -----------------
6 |⭘|⭘|⭘|♝|♝|⭘|⭘|♔|
  -----------------
5 |⭘|⭘|⭘|⭘|⭘|⭘|♟|⭘|
  -----------------
4 |⭘|⭘|⭘|⭘|♙|♞|⭘|⭘|
  -----------------
3 |⭘|⭘|⭘|⭘|⭘|⭘|⭘|⭘|
  -----------------
2 |♙|♙|♙|⭘|⭘|⭘|♙|♙|
  -----------------
1 |⭘|⭘|♖|⭘|⭘|⭘|⭘|⭘|
  -----------------
   a b c d e f g h
2025-03-22 23:08:09,221 - INFO - ----------------------------------------------------
2025-03-22 23:08:09,221 - INFO - Player Black
2025-03-22 23:08:09,226 - INFO -   -----------------
8 |⭘|⭘|⭘|⭘|⭘|⭘|⭘|⭘|
  -----------------
7 |♟|♟|♚|⭘|⭘|⭘|⭘|♟|
  -----------------
6 |⭘|⭘|⭘|♝|♝|⭘|♜|♔|
  -----------------
5 |⭘|⭘|⭘|⭘|⭘|⭘|♟|⭘|
  -----------------
4 |⭘|⭘|⭘|⭘|♙|♞|⭘|⭘|
  -----------------
3 |⭘|⭘|⭘|⭘|⭘|⭘|⭘|⭘|
  -----------------
2 |♙|♙|♙|⭘|⭘|⭘|♙|♙|
  -----------------
1 |⭘|⭘|♖|⭘|⭘|⭘|⭘|⭘|
  -----------------
   a b c d e f g h
2025-03-22 23:08:09,227 - INFO - ----------------------------------------------------
2025-03-22 23:08:09,227 - INFO - Player White
2025-03-22 23:08:11,392 - INFO -   -----------------
8 |⭘|⭘|⭘|⭘|⭘|⭘|⭘|⭘|
  -----------------
7 |♟|♟|♚|⭘|⭘|⭘|⭘|♔|
  -----------------
6 |⭘|⭘|⭘|♝|♝|⭘|♜|⭘|
  -----------------
5 |⭘|⭘|⭘|⭘|⭘|⭘|♟|⭘|
  -----------------
4 |⭘|⭘|⭘|⭘|♙|♞|⭘|⭘|
  -----------------
3 |⭘|⭘|⭘|⭘|⭘|⭘|⭘|⭘|
  -----------------
2 |♙|♙|♙|⭘|⭘|⭘|♙|♙|
  -----------------
1 |⭘|⭘|♖|⭘|⭘|⭘|⭘|⭘|
  -----------------
   a b c d e f g h
2025-03-22 23:08:11,392 - INFO - ----------------------------------------------------
2025-03-22 23:08:11,392 - INFO - Player Black
2025-03-22 23:08:11,399 - INFO -   -----------------
8 |⭘|⭘|⭘|⭘|⭘|⭘|♝|⭘|
  -----------------
7 |♟|♟|♚|⭘|⭘|⭘|⭘|♔|
  -----------------
6 |⭘|⭘|⭘|♝|⭘|⭘|♜|⭘|
  -----------------
5 |⭘|⭘|⭘|⭘|⭘|⭘|♟|⭘|
  -----------------
4 |⭘|⭘|⭘|⭘|♙|♞|⭘|⭘|
  -----------------
3 |⭘|⭘|⭘|⭘|⭘|⭘|⭘|⭘|
  -----------------
2 |♙|♙|♙|⭘|⭘|⭘|♙|♙|
  -----------------
1 |⭘|⭘|♖|⭘|⭘|⭘|⭘|⭘|
  -----------------
   a b c d e f g h
2025-03-22 23:08:11,400 - INFO - ----------------------------------------------------
2025-03-22 23:08:11,400 - INFO - Player White
2025-03-22 23:08:13,618 - INFO -   -----------------
8 |⭘|⭘|⭘|⭘|⭘|⭘|♝|♔|
  -----------------
7 |♟|♟|♚|⭘|⭘|⭘|⭘|⭘|
  -----------------
6 |⭘|⭘|⭘|♝|⭘|⭘|♜|⭘|
  -----------------
5 |⭘|⭘|⭘|⭘|⭘|⭘|♟|⭘|
  -----------------
4 |⭘|⭘|⭘|⭘|♙|♞|⭘|⭘|
  -----------------
3 |⭘|⭘|⭘|⭘|⭘|⭘|⭘|⭘|
  -----------------
2 |♙|♙|♙|⭘|⭘|⭘|♙|♙|
  -----------------
1 |⭘|⭘|♖|⭘|⭘|⭘|⭘|⭘|
  -----------------
   a b c d e f g h
2025-03-22 23:08:13,618 - INFO - ----------------------------------------------------
2025-03-22 23:08:13,618 - INFO - Player Black
2025-03-22 23:08:13,622 - INFO -   -----------------
8 |⭘|⭘|⭘|⭘|⭘|⭘|♝|♔|
  -----------------
7 |♟|♟|♚|⭘|⭘|⭘|⭘|⭘|
  -----------------
6 |⭘|⭘|⭘|⭘|⭘|⭘|♜|⭘|
  -----------------
5 |⭘|⭘|⭘|⭘|♝|⭘|♟|⭘|
  -----------------
4 |⭘|⭘|⭘|⭘|♙|♞|⭘|⭘|
  -----------------
3 |⭘|⭘|⭘|⭘|⭘|⭘|⭘|⭘|
  -----------------
2 |♙|♙|♙|⭘|⭘|⭘|♙|♙|
  -----------------
1 |⭘|⭘|♖|⭘|⭘|⭘|⭘|⭘|
  -----------------
   a b c d e f g h
2025-03-22 23:08:13,622 - INFO - Game over!
2025-03-22 23:08:13,622 - INFO - Result: 0-1
2025-03-22 23:08:13,623 - INFO - Total steps played: 23
